2025-04-04 07:40:35.550552 - Received CBT.V508.FILE310.PDS from FILE310.XMI 
2025-04-04 07:40:35.552155 - Found $$$#DATE.txt (text/plain) in CBT.V508.FILE310.PDS, moved to PDS/$$$#DATE
2025-04-04 07:40:35.552295 - Found @FILE310.txt (text/plain) in CBT.V508.FILE310.PDS, moved to PDS/@FILE310
2025-04-04 07:40:35.552458 - Found IHIERM.txt (text/plain) in CBT.V508.FILE310.PDS, moved to PDS/IHIERM
2025-04-04 07:40:35.552591 - Found IHIERR.txt (text/plain) in CBT.V508.FILE310.PDS, moved to PDS/IHIERR
2025-04-04 07:40:35.552734 - Found IHIFDD.txt (text/plain) in CBT.V508.FILE310.PDS, moved to PDS/IHIFDD
2025-04-04 07:40:35.552862 - Found IHIFDI.txt (text/plain) in CBT.V508.FILE310.PDS, moved to PDS/IHIFDI
2025-04-04 07:40:35.552986 - Found IHIFII.txt (text/plain) in CBT.V508.FILE310.PDS, moved to PDS/IHIFII
2025-04-04 07:40:35.553109 - Found IHIFRI.txt (text/plain) in CBT.V508.FILE310.PDS, moved to PDS/IHIFRI
2025-04-04 07:40:35.553224 - Found IHIFRR.txt (text/plain) in CBT.V508.FILE310.PDS, moved to PDS/IHIFRR
2025-04-04 07:40:35.553360 - Found IHIFSA.txt (text/plain) in CBT.V508.FILE310.PDS, moved to PDS/IHIFSA
2025-04-04 07:40:35.553485 - Found IHIGPR.txt (text/plain) in CBT.V508.FILE310.PDS, moved to PDS/IHIGPR
2025-04-04 07:40:35.553594 - Found IHIIAR.txt (text/plain) in CBT.V508.FILE310.PDS, moved to PDS/IHIIAR
2025-04-04 07:40:35.553703 - Found IHIIBA.txt (text/plain) in CBT.V508.FILE310.PDS, moved to PDS/IHIIBA
2025-04-04 07:40:35.553840 - Found IHIIBO.txt (text/plain) in CBT.V508.FILE310.PDS, moved to PDS/IHIIBO
2025-04-04 07:40:35.553970 - Found IHIIDE.txt (text/plain) in CBT.V508.FILE310.PDS, moved to PDS/IHIIDE
2025-04-04 07:40:35.554099 - Found IHIIOR.txt (text/plain) in CBT.V508.FILE310.PDS, moved to PDS/IHIIOR
2025-04-04 07:40:35.554226 - Found IHIISY.txt (text/plain) in CBT.V508.FILE310.PDS, moved to PDS/IHIISY
2025-04-04 07:40:35.554342 - Found IHILAT.txt (text/plain) in CBT.V508.FILE310.PDS, moved to PDS/IHILAT
2025-04-04 07:40:35.554459 - Found IHILEX.txt (text/plain) in CBT.V508.FILE310.PDS, moved to PDS/IHILEX
2025-04-04 07:40:35.554592 - Found IHILLO.txt (text/plain) in CBT.V508.FILE310.PDS, moved to PDS/IHILLO
2025-04-04 07:40:35.554703 - Found IHILOR.txt (text/plain) in CBT.V508.FILE310.PDS, moved to PDS/IHILOR
2025-04-04 07:40:35.554820 - Found IHILSC.txt (text/plain) in CBT.V508.FILE310.PDS, moved to PDS/IHILSC
2025-04-04 07:40:35.554944 - Found IHILSQ.txt (text/plain) in CBT.V508.FILE310.PDS, moved to PDS/IHILSQ
2025-04-04 07:40:35.555059 - Found IHIOAR.txt (text/plain) in CBT.V508.FILE310.PDS, moved to PDS/IHIOAR
2025-04-04 07:40:35.555189 - Found IHIOBA.txt (text/plain) in CBT.V508.FILE310.PDS, moved to PDS/IHIOBA
2025-04-04 07:40:35.555301 - Found IHIOBO.txt (text/plain) in CBT.V508.FILE310.PDS, moved to PDS/IHIOBO
2025-04-04 07:40:35.555415 - Found IHIOIN.txt (text/plain) in CBT.V508.FILE310.PDS, moved to PDS/IHIOIN
2025-04-04 07:40:35.555523 - Found IHIOST.txt (text/plain) in CBT.V508.FILE310.PDS, moved to PDS/IHIOST
2025-04-04 07:40:35.555653 - Found IHIOSY.txt (text/plain) in CBT.V508.FILE310.PDS, moved to PDS/IHIOSY
2025-04-04 07:40:35.555763 - Found IHIOTA.txt (text/plain) in CBT.V508.FILE310.PDS, moved to PDS/IHIOTA
2025-04-04 07:40:35.555884 - Found IHIPTT.txt (text/plain) in CBT.V508.FILE310.PDS, moved to PDS/IHIPTT
2025-04-04 07:40:35.556006 - Found IHISAT.txt (text/plain) in CBT.V508.FILE310.PDS, moved to PDS/IHISAT
2025-04-04 07:40:35.556120 - Found IHISEX.txt (text/plain) in CBT.V508.FILE310.PDS, moved to PDS/IHISEX
2025-04-04 07:40:35.556230 - Found IHISLO.txt (text/plain) in CBT.V508.FILE310.PDS, moved to PDS/IHISLO
2025-04-04 07:40:35.556353 - Found IHISOR.txt (text/plain) in CBT.V508.FILE310.PDS, moved to PDS/IHISOR
2025-04-04 07:40:35.556498 - Found IHISSC.txt (text/plain) in CBT.V508.FILE310.PDS, moved to PDS/IHISSC
2025-04-04 07:40:35.556618 - Found IHISSQ.txt (text/plain) in CBT.V508.FILE310.PDS, moved to PDS/IHISSQ
2025-04-04 07:40:35.556731 - Found IHISYS.txt (text/plain) in CBT.V508.FILE310.PDS, moved to PDS/IHISYS
